<?xml version="1.0" encoding="UTF-8"?>
<testsuite xmlns:xsi="http://www.w3.org/2001/XMLSchema-instance" xsi:noNamespaceSchemaLocation="https://maven.apache.org/surefire/maven-surefire-plugin/xsd/surefire-test-report.xsd" name="edu.pdx.cs410J.tmassey.PhoneBillServletTest" time="1.196" tests="3" errors="0" skipped="0" failures="0">
  <properties>
[...]
</properties>
  <testcase name="addPhoneBill" classname="edu.pdx.cs410J.tmassey.PhoneBillServletTest" time="0.965"/>
  <testcase name="initiallyServletContainsNoPhoneBills" classname="edu.pdx.cs410J.tmassey.PhoneBillServletTest" time="0"/>
  <testcase name="getReturnsPrettyPhoneBill" classname="edu.pdx.cs410J.tmassey.PhoneBillServletTest" time="0.108"/>
</testsuite>