GROUP,PACKAGE,CLASS,INSTRUCTION_MISSED,INSTRUCTION_COVERED,BRANCH_MISSED,BRANCH_COVERED,LINE_MISSED,LINE_COVERED,COMPLEXITY_MISSED,COMPLEXITY_COVERED,METHOD_MISSED,METHOD_COVERED
CS410J Phone Bill Project,edu.pdx.cs410J.tmassey,PhoneBill,6,17,0,0,2,6,2,2,2,2
CS410J Phone Bill Project,edu.pdx.cs410J.tmassey,Project1,149,129,21,11,41,27,17,1,1,1
CS410J Phone Bill Project,edu.pdx.cs410J.tmassey,PhoneCall,12,15,0,0,4,6,4,1,4,1
CS410J Phone Bill Project,edu.pdx.cs410J.tmassey,Project2,117,213,15,21,38,44,15,5,1,1
CS410J Phone Bill Project,edu.pdx.cs410J.tmassey,TextDumper,4,0,0,0,2,0,2,0,2,0
CS410J Phone Bill Project,edu.pdx.cs410J.tmassey,TextParser,5,0,0,0,2,0,2,0,2,0
