GROUP,PACKAGE,CLASS,INSTRUCTION_MISSED,INSTRUCTION_COVERED,BRANCH_MISSED,BRANCH_COVERED,LINE_MISSED,LINE_COVERED,COMPLEXITY_MISSED,COMPLEXITY_COVERED,METHOD_MISSED,METHOD_COVERED
cs410J Phone Bill Project,edu.pdx.cs410J.tmassey,PhoneBill,0,23,0,0,0,8,0,4,0,4
cs410J Phone Bill Project,edu.pdx.cs410J.tmassey,Project1,117,290,15,23,38,51,17,5,2,1
cs410J Phone Bill Project,edu.pdx.cs410J.tmassey,PhoneCall,0,27,0,0,0,10,0,5,0,5
cs410J Phone Bill Project,edu.pdx.cs410J.tmassey,Project2,297,228,37,15,74,48,24,5,1,2
cs410J Phone Bill Project,edu.pdx.cs410J.tmassey,TextDumper,3,74,0,2,2,18,0,3,0,2
cs410J Phone Bill Project,edu.pdx.cs410J.tmassey,TextParser,47,201,12,12,14,35,11,3,0,2
