<?xml version="1.0" encoding="UTF-8" standalone="yes"?><!DOCTYPE report PUBLIC "-//JACOCO//DTD Report 1.0//EN" "report.dtd"><report name="cs410J Phone Bill Project"><sessioninfo id="rojo-2.local-13aa33" start="1531958697065" dump="1531958698517"/><sessioninfo id="rojo-2.local-7af9065e" start="1531960591147" dump="1531960593378"/><sessioninfo id="rojo-2.local-b0761e83" start="1531961067492" dump="1531961071660"/><sessioninfo id="rojo-2.local-a6f36570" start="1531961196275" dump="1531961197682"/><sessioninfo id="rojo-2.local-6094fda5" start="1531961250726" dump="1531961254197"/><sessioninfo id="rojo-2.local-1c524f5f" start="1531961335725" dump="1531961339147"/><sessioninfo id="rojo-2.local-af1bd1bf" start="1531961437255" dump="1531961438367"/><sessioninfo id="rojo-2.local-78c165f6" start="1531961456163" dump="1531961457118"/><sessioninfo id="rojo-2.local-a9aabe58" start="1531961523955" dump="1531961525914"/><sessioninfo id="rojo-2.local-fffe2126" start="1531962011597" dump="1531962014847"/><sessioninfo id="rojo-2.local-6ee314d8" start="1531962286151" dump="1531962289338"/><sessioninfo id="rojo-2.local-de1e715d" start="1531962764035" dump="1531962767548"/><sessioninfo id="rojo-2.local-69053575" start="1531962824671" dump="1531962827290"/><sessioninfo id="rojo-2.local-c9888b2a" start="1531975816904" dump="1531975817945"/><sessioninfo id="rojo-2.local-3ffe677b" start="1531977173523" dump="1531977174596"/><sessioninfo id="rojo-2.local-21c063af" start="1531980089394" dump="1531980090524"/><sessioninfo id="rojo-2.local-a8cd7308" start="1531980257825" dump="1531980258935"/><sessioninfo id="rojo-2.local-d78791c7" start="1531980277939" dump="1531980278784"/><sessioninfo id="rojo-2.local-8ad61684" start="1531980550384" dump="1531980551637"/><sessioninfo id="rojo-2.local-ca1a5506" start="1531981740889" dump="1531981742285"/><sessioninfo id="rojo-2.local-dc7a30b2" start="1531982898782" dump="1531982900580"/><sessioninfo id="rojo-2.local-60e19010" start="1532016022415" dump="1532016023582"/><sessioninfo id="rojo-2.local-790efad0" start="1532016050148" dump="1532016050916"/><sessioninfo id="rojo-2.local-d35df3f3" start="1532016598474" dump="1532016599566"/><sessioninfo id="rojo-2.local-ab3a6e40" start="1532017014549" dump="1532017015345"/><sessioninfo id="rojo-2.local-8402caf6" start="1532017988909" dump="1532017989988"/><sessioninfo id="rojo-2.local-f6abc989" start="1532018053096" dump="1532018054177"/><sessioninfo id="rojo-2.local-fef84413" start="1532018068832" dump="1532018069822"/><sessioninfo id="rojo-2.local-d15ebef8" start="1532018136180" dump="1532018137432"/><sessioninfo id="rojo-2.local-f28a1d62" start="1532019908498" dump="1532019909610"/><sessioninfo id="rojo-2.local-1a80a6b6" start="1532020573507" dump="1532020574443"/><sessioninfo id="rojo-2.local-cca17953" start="1532020791549" dump="1532020792656"/><sessioninfo id="rojo-2.local-521de42f" start="1532021300645" dump="1532021301622"/><sessioninfo id="rojo-2.local-9f337ef4" start="1532021348339" dump="1532021349477"/><sessioninfo id="rojo-2.local-41b7ded1" start="1532021821958" dump="1532021823118"/><sessioninfo id="rojo-2.local-d1f2f62c" start="1532058067808" dump="1532058069139"/><sessioninfo id="rojo-2.local-5d3900e9" start="1532058803771" dump="1532058804913"/><sessioninfo id="rojo-2.local-d15fa117" start="1532059017711" dump="1532059019293"/><sessioninfo id="rojo-2.local-24b3ae85" start="1532059142766" dump="1532059144102"/><sessioninfo id="rojo-2.local-8e4dcd01" start="1532061494917" dump="1532061496194"/><sessioninfo id="rojo-2.local-4a01b97e" start="1532124928803" dump="1532124929841"/><sessioninfo id="rojo-2.local-fa9325f9" start="1532129871832" dump="1532129873299"/><sessioninfo id="rojo-8fb24cd2" start="1532146269623" dump="1532146271001"/><sessioninfo id="rojo-a08f0377" start="1532147346152" dump="1532147347544"/><sessioninfo id="rojo-7a80ff15" start="1532147367219" dump="1532147368257"/><package name="edu/pdx/cs410J/tmassey"><class name="edu/pdx/cs410J/tmassey/PhoneBill"><method name="&lt;init&gt;" desc="(Ljava/lang/String;)V" line="15"><counter type="INSTRUCTION" missed="0" covered="11"/><counter type="LINE" missed="0" covered="4"/><counter type="COMPLEXITY" missed="0" covered="1"/><counter type="METHOD" missed="0" covered="1"/></method><method name="getCustomer" desc="()Ljava/lang/String;" line="31"><counter type="INSTRUCTION" missed="0" covered="3"/><counter type="LINE" missed="0" covered="1"/><counter type="COMPLEXITY" missed="0" covered="1"/><counter type="METHOD" missed="0" covered="1"/></method><method name="addPhoneCall" desc="(Ledu/pdx/cs410J/tmassey/PhoneCall;)V" line="40"><counter type="INSTRUCTION" missed="0" covered="6"/><counter type="LINE" missed="0" covered="2"/><counter type="COMPLEXITY" missed="0" covered="1"/><counter type="METHOD" missed="0" covered="1"/></method><method name="getPhoneCalls" desc="()Ljava/util/Collection;" line="49"><counter type="INSTRUCTION" missed="0" covered="3"/><counter type="LINE" missed="0" covered="1"/><counter type="COMPLEXITY" missed="0" covered="1"/><counter type="METHOD" missed="0" covered="1"/></method><counter type="INSTRUCTION" missed="0" covered="23"/><counter type="LINE" missed="0" covered="8"/><counter type="COMPLEXITY" missed="0" covered="4"/><counter type="METHOD" missed="0" covered="4"/><counter type="CLASS" missed="0" covered="1"/></class><class name="edu/pdx/cs410J/tmassey/Project1"><method name="&lt;init&gt;" desc="()V" line="8"><counter type="INSTRUCTION" missed="3" covered="0"/><counter type="LINE" missed="1" covered="0"/><counter type="COMPLEXITY" missed="1" covered="0"/><counter type="METHOD" missed="1" covered="0"/></method><method name="main" desc="([Ljava/lang/String;)V" line="11"><counter type="INSTRUCTION" missed="84" covered="290"/><counter type="BRANCH" missed="15" covered="23"/><counter type="LINE" missed="26" covered="51"/><counter type="COMPLEXITY" missed="15" covered="5"/><counter type="METHOD" missed="0" covered="1"/></method><method name="errorOutput" desc="()V" line="168"><counter type="INSTRUCTION" missed="30" covered="0"/><counter type="LINE" missed="11" covered="0"/><counter type="COMPLEXITY" missed="1" covered="0"/><counter type="METHOD" missed="1" covered="0"/></method><counter type="INSTRUCTION" missed="117" covered="290"/><counter type="BRANCH" missed="15" covered="23"/><counter type="LINE" missed="38" covered="51"/><counter type="COMPLEXITY" missed="17" covered="5"/><counter type="METHOD" missed="2" covered="1"/><counter type="CLASS" missed="0" covered="1"/></class><class name="edu/pdx/cs410J/tmassey/PhoneCall"><method name="&lt;init&gt;" desc="(Ljava/lang/String;Ljava/lang/String;Ljava/lang/String;Ljava/lang/String;)V" line="21"><counter type="INSTRUCTION" missed="0" covered="15"/><counter type="LINE" missed="0" covered="6"/><counter type="COMPLEXITY" missed="0" covered="1"/><counter type="METHOD" missed="0" covered="1"/></method><method name="getCaller" desc="()Ljava/lang/String;" line="34"><counter type="INSTRUCTION" missed="0" covered="3"/><counter type="LINE" missed="0" covered="1"/><counter type="COMPLEXITY" missed="0" covered="1"/><counter type="METHOD" missed="0" covered="1"/></method><method name="getCallee" desc="()Ljava/lang/String;" line="43"><counter type="INSTRUCTION" missed="0" covered="3"/><counter type="LINE" missed="0" covered="1"/><counter type="COMPLEXITY" missed="0" covered="1"/><counter type="METHOD" missed="0" covered="1"/></method><method name="getStartTimeString" desc="()Ljava/lang/String;" line="52"><counter type="INSTRUCTION" missed="0" covered="3"/><counter type="LINE" missed="0" covered="1"/><counter type="COMPLEXITY" missed="0" covered="1"/><counter type="METHOD" missed="0" covered="1"/></method><method name="getEndTimeString" desc="()Ljava/lang/String;" line="61"><counter type="INSTRUCTION" missed="0" covered="3"/><counter type="LINE" missed="0" covered="1"/><counter type="COMPLEXITY" missed="0" covered="1"/><counter type="METHOD" missed="0" covered="1"/></method><counter type="INSTRUCTION" missed="0" covered="27"/><counter type="LINE" missed="0" covered="10"/><counter type="COMPLEXITY" missed="0" covered="5"/><counter type="METHOD" missed="0" covered="5"/><counter type="CLASS" missed="0" covered="1"/></class><class name="edu/pdx/cs410J/tmassey/Project2"><method name="&lt;init&gt;" desc="()V" line="15"><counter type="INSTRUCTION" missed="3" covered="0"/><counter type="LINE" missed="1" covered="0"/><counter type="COMPLEXITY" missed="1" covered="0"/><counter type="METHOD" missed="1" covered="0"/></method><method name="main" desc="([Ljava/lang/String;)V" line="18"><counter type="INSTRUCTION" missed="158" covered="308"/><counter type="BRANCH" missed="24" covered="26"/><counter type="LINE" missed="44" covered="56"/><counter type="COMPLEXITY" missed="22" covered="4"/><counter type="METHOD" missed="0" covered="1"/></method><method name="errorOutput" desc="()V" line="207"><counter type="INSTRUCTION" missed="30" covered="0"/><counter type="LINE" missed="11" covered="0"/><counter type="COMPLEXITY" missed="1" covered="0"/><counter type="METHOD" missed="1" covered="0"/></method><counter type="INSTRUCTION" missed="191" covered="308"/><counter type="BRANCH" missed="24" covered="26"/><counter type="LINE" missed="56" covered="56"/><counter type="COMPLEXITY" missed="24" covered="4"/><counter type="METHOD" missed="2" covered="1"/><counter type="CLASS" missed="0" covered="1"/></class><class name="edu/pdx/cs410J/tmassey/TextDumper"><method name="&lt;init&gt;" desc="(Ljava/lang/String;)V" line="17"><counter type="INSTRUCTION" missed="0" covered="6"/><counter type="LINE" missed="0" covered="3"/><counter type="COMPLEXITY" missed="0" covered="1"/><counter type="METHOD" missed="0" covered="1"/></method><method name="dump" desc="(Ledu/pdx/cs410J/AbstractPhoneBill;)V" line="23"><counter type="INSTRUCTION" missed="3" covered="50"/><counter type="BRANCH" missed="0" covered="2"/><counter type="LINE" missed="2" covered="12"/><counter type="COMPLEXITY" missed="0" covered="2"/><counter type="METHOD" missed="0" covered="1"/></method><counter type="INSTRUCTION" missed="3" covered="56"/><counter type="BRANCH" missed="0" covered="2"/><counter type="LINE" missed="2" covered="15"/><counter type="COMPLEXITY" missed="0" covered="3"/><counter type="METHOD" missed="0" covered="2"/><counter type="CLASS" missed="0" covered="1"/></class><class name="edu/pdx/cs410J/tmassey/TextParser"><method name="&lt;init&gt;" desc="(Ljava/lang/String;)V" line="12"><counter type="INSTRUCTION" missed="0" covered="6"/><counter type="LINE" missed="0" covered="3"/><counter type="COMPLEXITY" missed="0" covered="1"/><counter type="METHOD" missed="0" covered="1"/></method><method name="parse" desc="()Ledu/pdx/cs410J/AbstractPhoneBill;" line="18"><counter type="INSTRUCTION" missed="3" covered="106"/><counter type="BRANCH" missed="0" covered="2"/><counter type="LINE" missed="2" covered="21"/><counter type="COMPLEXITY" missed="0" covered="2"/><counter type="METHOD" missed="0" covered="1"/></method><counter type="INSTRUCTION" missed="3" covered="112"/><counter type="BRANCH" missed="0" covered="2"/><counter type="LINE" missed="2" covered="24"/><counter type="COMPLEXITY" missed="0" covered="3"/><counter type="METHOD" missed="0" covered="2"/><counter type="CLASS" missed="0" covered="1"/></class><sourcefile name="PhoneCall.java"><line nr="21" mi="0" ci="2" mb="0" cb="0"/><line nr="22" mi="0" ci="3" mb="0" cb="0"/><line nr="23" mi="0" ci="3" mb="0" cb="0"/><line nr="24" mi="0" ci="3" mb="0" cb="0"/><line nr="25" mi="0" ci="3" mb="0" cb="0"/><line nr="26" mi="0" ci="1" mb="0" cb="0"/><line nr="34" mi="0" ci="3" mb="0" cb="0"/><line nr="43" mi="0" ci="3" mb="0" cb="0"/><line nr="52" mi="0" ci="3" mb="0" cb="0"/><line nr="61" mi="0" ci="3" mb="0" cb="0"/><counter type="INSTRUCTION" missed="0" covered="27"/><counter type="LINE" missed="0" covered="10"/><counter type="COMPLEXITY" missed="0" covered="5"/><counter type="METHOD" missed="0" covered="5"/><counter type="CLASS" missed="0" covered="1"/></sourcefile><sourcefile name="TextParser.java"><line nr="12" mi="0" ci="2" mb="0" cb="0"/><line nr="13" mi="0" ci="3" mb="0" cb="0"/><line nr="14" mi="0" ci="1" mb="0" cb="0"/><line nr="18" mi="0" ci="4" mb="0" cb="0"/><line nr="19" mi="0" ci="8" mb="0" cb="0"/><line nr="22" mi="0" ci="5" mb="0" cb="0"/><line nr="23" mi="0" ci="8" mb="0" cb="0"/><line nr="24" mi="0" ci="3" mb="0" cb="0"/><line nr="25" mi="0" ci="3" mb="0" cb="0"/><line nr="26" mi="0" ci="3" mb="0" cb="0"/><line nr="28" mi="0" ci="7" mb="0" cb="0"/><line nr="29" mi="0" ci="5" mb="0" cb="0"/><line nr="31" mi="0" ci="9" mb="0" cb="2"/><line nr="33" mi="0" ci="4" mb="0" cb="0"/><line nr="34" mi="0" ci="6" mb="0" cb="0"/><line nr="35" mi="0" ci="6" mb="0" cb="0"/><line nr="37" mi="0" ci="5" mb="0" cb="0"/><line nr="38" mi="0" ci="5" mb="0" cb="0"/><line nr="40" mi="0" ci="5" mb="0" cb="0"/><line nr="41" mi="0" ci="5" mb="0" cb="0"/><line nr="43" mi="0" ci="8" mb="0" cb="0"/><line nr="45" mi="0" ci="3" mb="0" cb="0"/><line nr="48" mi="0" ci="2" mb="0" cb="0"/><line nr="49" mi="0" ci="2" mb="0" cb="0"/><line nr="51" mi="1" ci="0" mb="0" cb="0"/><line nr="52" mi="2" ci="0" mb="0" cb="0"/><counter type="INSTRUCTION" missed="3" covered="112"/><counter type="BRANCH" missed="0" covered="2"/><counter type="LINE" missed="2" covered="24"/><counter type="COMPLEXITY" missed="0" covered="3"/><counter type="METHOD" missed="0" covered="2"/><counter type="CLASS" missed="0" covered="1"/></sourcefile><sourcefile name="PhoneBill.java"><line nr="15" mi="0" ci="5" mb="0" cb="0"/><line nr="21" mi="0" ci="2" mb="0" cb="0"/><line nr="22" mi="0" ci="3" mb="0" cb="0"/><line nr="23" mi="0" ci="1" mb="0" cb="0"/><line nr="31" mi="0" ci="3" mb="0" cb="0"/><line nr="40" mi="0" ci="5" mb="0" cb="0"/><line nr="41" mi="0" ci="1" mb="0" cb="0"/><line nr="49" mi="0" ci="3" mb="0" cb="0"/><counter type="INSTRUCTION" missed="0" covered="23"/><counter type="LINE" missed="0" covered="8"/><counter type="COMPLEXITY" missed="0" covered="4"/><counter type="METHOD" missed="0" covered="4"/><counter type="CLASS" missed="0" covered="1"/></sourcefile><sourcefile name="TextDumper.java"><line nr="17" mi="0" ci="2" mb="0" cb="0"/><line nr="18" mi="0" ci="3" mb="0" cb="0"/><line nr="19" mi="0" ci="1" mb="0" cb="0"/><line nr="23" mi="0" ci="3" mb="0" cb="0"/><line nr="25" mi="0" ci="3" mb="0" cb="0"/><line nr="28" mi="0" ci="4" mb="0" cb="0"/><line nr="29" mi="0" ci="8" mb="0" cb="0"/><line nr="31" mi="0" ci="8" mb="0" cb="0"/><line nr="32" mi="0" ci="4" mb="0" cb="0"/><line nr="34" mi="0" ci="10" mb="0" cb="2"/><line nr="35" mi="0" ci="5" mb="0" cb="0"/><line nr="36" mi="0" ci="1" mb="0" cb="0"/><line nr="38" mi="0" ci="2" mb="0" cb="0"/><line nr="39" mi="1" ci="0" mb="0" cb="0"/><line nr="40" mi="2" ci="0" mb="0" cb="0"/><line nr="41" mi="0" ci="1" mb="0" cb="0"/><line nr="42" mi="0" ci="1" mb="0" cb="0"/><counter type="INSTRUCTION" missed="3" covered="56"/><counter type="BRANCH" missed="0" covered="2"/><counter type="LINE" missed="2" covered="15"/><counter type="COMPLEXITY" missed="0" covered="3"/><counter type="METHOD" missed="0" covered="2"/><counter type="CLASS" missed="0" covered="1"/></sourcefile><sourcefile name="Project1.java"><line nr="8" mi="3" ci="0" mb="0" cb="0"/><line nr="11" mi="0" ci="4" mb="0" cb="0"/><line nr="12" mi="0" ci="4" mb="0" cb="0"/><line nr="13" mi="0" ci="4" mb="0" cb="0"/><line nr="14" mi="0" ci="4" mb="0" cb="0"/><line nr="15" mi="0" ci="4" mb="0" cb="0"/><line nr="16" mi="0" ci="4" mb="0" cb="0"/><line nr="17" mi="0" ci="4" mb="0" cb="0"/><line nr="18" mi="0" ci="2" mb="0" cb="0"/><line nr="19" mi="0" ci="2" mb="0" cb="0"/><line nr="20" mi="0" ci="3" mb="0" cb="0"/><line nr="21" mi="0" ci="3" mb="0" cb="0"/><line nr="22" mi="0" ci="4" mb="0" cb="0"/><line nr="27" mi="0" ci="2" mb="0" cb="0"/><line nr="28" mi="0" ci="2" mb="0" cb="0"/><line nr="29" mi="0" ci="2" mb="0" cb="0"/><line nr="31" mi="0" ci="3" mb="0" cb="0"/><line nr="33" mi="0" ci="32" mb="0" cb="0"/><line nr="34" mi="0" ci="4" mb="0" cb="0"/><line nr="39" mi="0" ci="8" mb="0" cb="2"/><line nr="40" mi="0" ci="6" mb="1" cb="1"/><line nr="41" mi="3" ci="0" mb="0" cb="0"/><line nr="42" mi="3" ci="0" mb="0" cb="0"/><line nr="43" mi="3" ci="0" mb="0" cb="0"/><line nr="44" mi="3" ci="0" mb="0" cb="0"/><line nr="45" mi="3" ci="0" mb="0" cb="0"/><line nr="46" mi="3" ci="0" mb="0" cb="0"/><line nr="47" mi="3" ci="0" mb="0" cb="0"/><line nr="48" mi="1" ci="0" mb="0" cb="0"/><line nr="49" mi="2" ci="0" mb="0" cb="0"/><line nr="56" mi="0" ci="6" mb="0" cb="2"/><line nr="57" mi="0" ci="3" mb="0" cb="0"/><line nr="58" mi="0" ci="1" mb="0" cb="0"/><line nr="65" mi="0" ci="12" mb="1" cb="3"/><line nr="66" mi="0" ci="11" mb="2" cb="2"/><line nr="67" mi="0" ci="13" mb="0" cb="0"/><line nr="69" mi="6" ci="0" mb="0" cb="0"/><line nr="70" mi="1" ci="0" mb="0" cb="0"/><line nr="78" mi="0" ci="3" mb="1" cb="1"/><line nr="79" mi="4" ci="0" mb="0" cb="0"/><line nr="80" mi="1" ci="0" mb="0" cb="0"/><line nr="87" mi="2" ci="6" mb="1" cb="1"/><line nr="88" mi="8" ci="0" mb="0" cb="0"/><line nr="95" mi="0" ci="8" mb="1" cb="1"/><line nr="96" mi="3" ci="0" mb="0" cb="0"/><line nr="97" mi="4" ci="0" mb="0" cb="0"/><line nr="99" mi="0" ci="5" mb="0" cb="0"/><line nr="103" mi="0" ci="8" mb="1" cb="1"/><line nr="104" mi="4" ci="0" mb="0" cb="0"/><line nr="106" mi="0" ci="5" mb="0" cb="0"/><line nr="110" mi="0" ci="8" mb="1" cb="1"/><line nr="111" mi="4" ci="0" mb="0" cb="0"/><line nr="113" mi="0" ci="5" mb="0" cb="0"/><line nr="116" mi="0" ci="8" mb="1" cb="1"/><line nr="117" mi="4" ci="0" mb="0" cb="0"/><line nr="119" mi="0" ci="5" mb="0" cb="0"/><line nr="122" mi="0" ci="8" mb="1" cb="1"/><line nr="123" mi="4" ci="0" mb="0" cb="0"/><line nr="125" mi="0" ci="5" mb="0" cb="0"/><line nr="128" mi="0" ci="8" mb="1" cb="1"/><line nr="129" mi="4" ci="0" mb="0" cb="0"/><line nr="131" mi="0" ci="5" mb="0" cb="0"/><line nr="134" mi="0" ci="8" mb="1" cb="1"/><line nr="135" mi="4" ci="0" mb="0" cb="0"/><line nr="137" mi="0" ci="5" mb="0" cb="0"/><line nr="145" mi="0" ci="3" mb="1" cb="1"/><line nr="146" mi="1" ci="0" mb="0" cb="0"/><line nr="147" mi="3" ci="0" mb="0" cb="0"/><line nr="149" mi="0" ci="12" mb="0" cb="0"/><line nr="150" mi="0" ci="5" mb="0" cb="0"/><line nr="151" mi="0" ci="3" mb="0" cb="0"/><line nr="153" mi="0" ci="3" mb="1" cb="1"/><line nr="154" mi="0" ci="3" mb="0" cb="0"/><line nr="155" mi="0" ci="10" mb="0" cb="2"/><line nr="156" mi="0" ci="3" mb="0" cb="0"/><line nr="157" mi="0" ci="1" mb="0" cb="0"/><line nr="160" mi="2" ci="0" mb="0" cb="0"/><line nr="162" mi="1" ci="0" mb="0" cb="0"/><line nr="168" mi="3" ci="0" mb="0" cb="0"/><line nr="169" mi="3" ci="0" mb="0" cb="0"/><line nr="170" mi="3" ci="0" mb="0" cb="0"/><line nr="171" mi="3" ci="0" mb="0" cb="0"/><line nr="172" mi="3" ci="0" mb="0" cb="0"/><line nr="173" mi="3" ci="0" mb="0" cb="0"/><line nr="174" mi="3" ci="0" mb="0" cb="0"/><line nr="175" mi="3" ci="0" mb="0" cb="0"/><line nr="176" mi="3" ci="0" mb="0" cb="0"/><line nr="177" mi="2" ci="0" mb="0" cb="0"/><line nr="178" mi="1" ci="0" mb="0" cb="0"/><counter type="INSTRUCTION" missed="117" covered="290"/><counter type="BRANCH" missed="15" covered="23"/><counter type="LINE" missed="38" covered="51"/><counter type="COMPLEXITY" missed="17" covered="5"/><counter type="METHOD" missed="2" covered="1"/><counter type="CLASS" missed="0" covered="1"/></sourcefile><sourcefile name="Project2.java"><line nr="15" mi="3" ci="0" mb="0" cb="0"/><line nr="18" mi="0" ci="4" mb="0" cb="0"/><line nr="19" mi="0" ci="4" mb="0" cb="0"/><line nr="20" mi="0" ci="4" mb="0" cb="0"/><line nr="21" mi="0" ci="4" mb="0" cb="0"/><line nr="22" mi="0" ci="4" mb="0" cb="0"/><line nr="23" mi="0" ci="4" mb="0" cb="0"/><line nr="24" mi="0" ci="4" mb="0" cb="0"/><line nr="25" mi="0" ci="2" mb="0" cb="0"/><line nr="26" mi="0" ci="4" mb="0" cb="0"/><line nr="27" mi="0" ci="2" mb="0" cb="0"/><line nr="28" mi="0" ci="3" mb="0" cb="0"/><line nr="29" mi="0" ci="3" mb="0" cb="0"/><line nr="30" mi="0" ci="4" mb="0" cb="0"/><line nr="31" mi="0" ci="5" mb="0" cb="0"/><line nr="36" mi="0" ci="2" mb="0" cb="0"/><line nr="37" mi="0" ci="2" mb="0" cb="0"/><line nr="38" mi="0" ci="2" mb="0" cb="0"/><line nr="40" mi="0" ci="3" mb="0" cb="0"/><line nr="42" mi="0" ci="36" mb="0" cb="0"/><line nr="43" mi="0" ci="4" mb="0" cb="0"/><line nr="48" mi="0" ci="8" mb="0" cb="2"/><line nr="49" mi="0" ci="6" mb="1" cb="1"/><line nr="50" mi="3" ci="0" mb="0" cb="0"/><line nr="51" mi="3" ci="0" mb="0" cb="0"/><line nr="52" mi="3" ci="0" mb="0" cb="0"/><line nr="53" mi="3" ci="0" mb="0" cb="0"/><line nr="54" mi="3" ci="0" mb="0" cb="0"/><line nr="55" mi="3" ci="0" mb="0" cb="0"/><line nr="56" mi="3" ci="0" mb="0" cb="0"/><line nr="57" mi="1" ci="0" mb="0" cb="0"/><line nr="58" mi="2" ci="0" mb="0" cb="0"/><line nr="65" mi="0" ci="6" mb="1" cb="1"/><line nr="66" mi="3" ci="0" mb="0" cb="0"/><line nr="67" mi="1" ci="0" mb="0" cb="0"/><line nr="70" mi="0" ci="6" mb="0" cb="2"/><line nr="71" mi="0" ci="6" mb="0" cb="0"/><line nr="72" mi="0" ci="3" mb="1" cb="1"/><line nr="73" mi="0" ci="2" mb="0" cb="0"/><line nr="75" mi="0" ci="1" mb="0" cb="0"/><line nr="82" mi="0" ci="18" mb="2" cb="4"/><line nr="83" mi="0" ci="11" mb="2" cb="2"/><line nr="84" mi="0" ci="13" mb="0" cb="0"/><line nr="86" mi="6" ci="0" mb="0" cb="0"/><line nr="87" mi="1" ci="0" mb="0" cb="0"/><line nr="95" mi="0" ci="3" mb="1" cb="1"/><line nr="96" mi="4" ci="0" mb="0" cb="0"/><line nr="97" mi="1" ci="0" mb="0" cb="0"/><line nr="104" mi="2" ci="6" mb="1" cb="1"/><line nr="105" mi="8" ci="0" mb="0" cb="0"/><line nr="112" mi="0" ci="8" mb="1" cb="1"/><line nr="113" mi="3" ci="0" mb="0" cb="0"/><line nr="114" mi="4" ci="0" mb="0" cb="0"/><line nr="116" mi="0" ci="5" mb="0" cb="0"/><line nr="120" mi="0" ci="8" mb="1" cb="1"/><line nr="121" mi="4" ci="0" mb="0" cb="0"/><line nr="123" mi="0" ci="5" mb="0" cb="0"/><line nr="127" mi="0" ci="8" mb="1" cb="1"/><line nr="128" mi="4" ci="0" mb="0" cb="0"/><line nr="130" mi="0" ci="5" mb="0" cb="0"/><line nr="133" mi="0" ci="8" mb="1" cb="1"/><line nr="134" mi="4" ci="0" mb="0" cb="0"/><line nr="136" mi="0" ci="5" mb="0" cb="0"/><line nr="139" mi="0" ci="8" mb="1" cb="1"/><line nr="140" mi="4" ci="0" mb="0" cb="0"/><line nr="142" mi="0" ci="5" mb="0" cb="0"/><line nr="145" mi="0" ci="8" mb="1" cb="1"/><line nr="146" mi="4" ci="0" mb="0" cb="0"/><line nr="148" mi="0" ci="5" mb="0" cb="0"/><line nr="151" mi="0" ci="8" mb="1" cb="1"/><line nr="152" mi="4" ci="0" mb="0" cb="0"/><line nr="154" mi="0" ci="5" mb="0" cb="0"/><line nr="162" mi="0" ci="3" mb="1" cb="1"/><line nr="163" mi="1" ci="0" mb="0" cb="0"/><line nr="164" mi="3" ci="0" mb="0" cb="0"/><line nr="166" mi="0" ci="2" mb="1" cb="1"/><line nr="167" mi="0" ci="2" mb="0" cb="0"/><line nr="169" mi="0" ci="5" mb="0" cb="0"/><line nr="171" mi="0" ci="3" mb="0" cb="0"/><line nr="172" mi="1" ci="0" mb="0" cb="0"/><line nr="173" mi="2" ci="0" mb="0" cb="0"/><line nr="174" mi="0" ci="1" mb="0" cb="0"/><line nr="176" mi="0" ci="2" mb="1" cb="1"/><line nr="177" mi="5" ci="0" mb="0" cb="0"/><line nr="178" mi="12" ci="0" mb="0" cb="0"/><line nr="179" mi="3" ci="0" mb="0" cb="0"/><line nr="180" mi="1" ci="5" mb="1" cb="1"/><line nr="181" mi="12" ci="0" mb="0" cb="0"/><line nr="182" mi="3" ci="0" mb="0" cb="0"/><line nr="183" mi="1" ci="0" mb="0" cb="0"/><line nr="184" mi="0" ci="5" mb="0" cb="0"/><line nr="185" mi="2" ci="0" mb="0" cb="0"/><line nr="188" mi="5" ci="0" mb="0" cb="0"/><line nr="189" mi="3" ci="0" mb="0" cb="0"/><line nr="192" mi="3" ci="0" mb="2" cb="0"/><line nr="193" mi="3" ci="0" mb="0" cb="0"/><line nr="194" mi="10" ci="0" mb="2" cb="0"/><line nr="195" mi="3" ci="0" mb="0" cb="0"/><line nr="196" mi="1" ci="0" mb="0" cb="0"/><line nr="199" mi="2" ci="0" mb="0" cb="0"/><line nr="201" mi="1" ci="0" mb="0" cb="0"/><line nr="207" mi="3" ci="0" mb="0" cb="0"/><line nr="208" mi="3" ci="0" mb="0" cb="0"/><line nr="209" mi="3" ci="0" mb="0" cb="0"/><line nr="210" mi="3" ci="0" mb="0" cb="0"/><line nr="211" mi="3" ci="0" mb="0" cb="0"/><line nr="212" mi="3" ci="0" mb="0" cb="0"/><line nr="213" mi="3" ci="0" mb="0" cb="0"/><line nr="214" mi="3" ci="0" mb="0" cb="0"/><line nr="215" mi="3" ci="0" mb="0" cb="0"/><line nr="216" mi="2" ci="0" mb="0" cb="0"/><line nr="217" mi="1" ci="0" mb="0" cb="0"/><counter type="INSTRUCTION" missed="191" covered="308"/><counter type="BRANCH" missed="24" covered="26"/><counter type="LINE" missed="56" covered="56"/><counter type="COMPLEXITY" missed="24" covered="4"/><counter type="METHOD" missed="2" covered="1"/><counter type="CLASS" missed="0" covered="1"/></sourcefile><counter type="INSTRUCTION" missed="314" covered="816"/><counter type="BRANCH" missed="39" covered="53"/><counter type="LINE" missed="98" covered="164"/><counter type="COMPLEXITY" missed="41" covered="24"/><counter type="METHOD" missed="4" covered="15"/><counter type="CLASS" missed="0" covered="6"/></package><counter type="INSTRUCTION" missed="314" covered="816"/><counter type="BRANCH" missed="39" covered="53"/><counter type="LINE" missed="98" covered="164"/><counter type="COMPLEXITY" missed="41" covered="24"/><counter type="METHOD" missed="4" covered="15"/><counter type="CLASS" missed="0" covered="6"/></report>