GROUP,PACKAGE,CLASS,INSTRUCTION_MISSED,INSTRUCTION_COVERED,BRANCH_MISSED,BRANCH_COVERED,LINE_MISSED,LINE_COVERED,COMPLEXITY_MISSED,COMPLEXITY_COVERED,METHOD_MISSED,METHOD_COVERED
CS410J Phone Bill Project,edu.pdx.CS410J.tmassey,TextParser,5,0,0,0,2,0,2,0,2,0
CS410J Phone Bill Project,edu.pdx.CS410J.tmassey,Project2,200,0,22,0,49,0,13,0,2,0
CS410J Phone Bill Project,edu.pdx.CS410J.tmassey,PhoneBill,23,0,0,0,8,0,4,0,4,0
CS410J Phone Bill Project,edu.pdx.CS410J.tmassey,TextDumper,4,0,0,0,2,0,2,0,2,0
CS410J Phone Bill Project,edu.pdx.CS410J.tmassey,Project1,149,129,21,11,41,27,17,1,1,1
CS410J Phone Bill Project,edu.pdx.CS410J.tmassey,PhoneCall,27,0,0,0,10,0,5,0,5,0
