GROUP,PACKAGE,CLASS,INSTRUCTION_MISSED,INSTRUCTION_COVERED,BRANCH_MISSED,BRANCH_COVERED,LINE_MISSED,LINE_COVERED,COMPLEXITY_MISSED,COMPLEXITY_COVERED,METHOD_MISSED,METHOD_COVERED
cs410J Phone Bill Project,edu.pdx.cs410J.tmassey,PhoneBill,0,23,0,0,0,8,0,4,0,4
cs410J Phone Bill Project,edu.pdx.cs410J.tmassey,Project1,117,290,15,23,38,51,17,5,2,1
cs410J Phone Bill Project,edu.pdx.cs410J.tmassey,PhoneCall,0,27,0,0,0,10,0,5,0,5
cs410J Phone Bill Project,edu.pdx.cs410J.tmassey,Project2,191,308,24,26,56,56,24,4,2,1
cs410J Phone Bill Project,edu.pdx.cs410J.tmassey,TextDumper,3,56,0,2,2,15,0,3,0,2
cs410J Phone Bill Project,edu.pdx.cs410J.tmassey,TextParser,3,112,0,2,2,24,0,3,0,2
